Connecting to root@47.109.49.174...
Connected successfully!

============================================================
Executing: dmesg -T | grep -i -E 'oom|kill' | tail -n 30 (OOM_Dmesg)
============================================================
[Wed Apr 15 16:10:37 2026] aliyun-service. invoked oom-killer: gfp_mask=0x201da, order=0, oom_score_adj=0
[Wed Apr 15 16:10:37 2026]  [<ffffffff8f9c251e>] oom_kill_process+0x25e/0x3f0
[Wed Apr 15 16:10:37 2026]  [<ffffffff8f9c1f7d>] ? oom_unkillable_task+0xcd/0x120
[Wed Apr 15 16:10:37 2026] [ pid ]   uid  tgid total_vm      rss nr_ptes swapents oom_score_adj name
[Wed Apr 15 16:10:37 2026] Out of memory: Kill process 8504 (java) score 309 or sacrifice child
[Wed Apr 15 16:10:37 2026] Killed process 8261 (python), UID 0, total-vm:162216kB, anon-rss:26772kB, file-rss:200kB, shmem-rss:0kB
[Wed Apr 15 16:21:14 2026] AliYunDunMonito invoked oom-killer: gfp_mask=0x80d0, order=0, oom_score_adj=0
[Wed Apr 15 16:21:14 2026]  [<ffffffff8f9c251e>] oom_kill_process+0x25e/0x3f0
[Wed Apr 15 16:21:14 2026]  [<ffffffff8f9c1f7d>] ? oom_unkillable_task+0xcd/0x120
[Wed Apr 15 16:21:14 2026] [ pid ]   uid  tgid total_vm      rss nr_ptes swapents oom_score_adj name
[Wed Apr 15 16:21:14 2026] Out of memory: Kill process 8504 (java) score 309 or sacrifice child
[Wed Apr 15 16:21:14 2026] Killed process 9946 (python), UID 0, total-vm:162216kB, anon-rss:26772kB, file-rss:144kB, shmem-rss:0kB
[Wed Apr 15 16:26:01 2026] java invoked oom-killer: gfp_mask=0x201da, order=0, oom_score_adj=0
[Wed Apr 15 16:26:01 2026]  [<ffffffff8f9c251e>] oom_kill_process+0x25e/0x3f0
[Wed Apr 15 16:26:01 2026]  [<ffffffff8f9c1f7d>] ? oom_unkillable_task+0xcd/0x120
[Wed Apr 15 16:26:01 2026] [ pid ]   uid  tgid total_vm      rss nr_ptes swapents oom_score_adj name
[Wed Apr 15 16:26:01 2026] Out of memory: Kill process 8504 (java) score 309 or sacrifice child
[Wed Apr 15 16:26:01 2026] Killed process 19971 (python), UID 0, total-vm:162216kB, anon-rss:26772kB, file-rss:140kB, shmem-rss:0kB
[Wed Apr 15 16:29:02 2026] AliYunDun invoked oom-killer: gfp_mask=0x201da, order=0, oom_score_adj=0
[Wed Apr 15 16:29:02 2026]  [<ffffffff8f9c251e>] oom_kill_process+0x25e/0x3f0
[Wed Apr 15 16:29:02 2026]  [<ffffffff8f9c1f7d>] ? oom_unkillable_task+0xcd/0x120
[Wed Apr 15 16:29:02 2026] [ pid ]   uid  tgid total_vm      rss nr_ptes swapents oom_score_adj name
[Wed Apr 15 16:29:02 2026] Out of memory: Kill process 8504 (java) score 309 or sacrifice child
[Wed Apr 15 16:29:02 2026] Killed process 9745 (python), UID 0, total-vm:162216kB, anon-rss:26772kB, file-rss:140kB, shmem-rss:0kB
[Wed Apr 15 16:31:55 2026] AliYunDun invoked oom-killer: gfp_mask=0x201da, order=0, oom_score_adj=0
[Wed Apr 15 16:31:55 2026]  [<ffffffff8f9c251e>] oom_kill_process+0x25e/0x3f0
[Wed Apr 15 16:31:55 2026]  [<ffffffff8f9c1f7d>] ? oom_unkillable_task+0xcd/0x120
[Wed Apr 15 16:31:55 2026] [ pid ]   uid  tgid total_vm      rss nr_ptes swapents oom_score_adj name
[Wed Apr 15 16:31:55 2026] Out of memory: Kill process 8504 (java) score 309 or sacrifice child
[Wed Apr 15 16:31:55 2026] Killed process 16696 (python), UID 0, total-vm:162216kB, anon-rss:26772kB, file-rss:140kB, shmem-rss:0kB



============================================================
Executing: tail -n 100 /var/log/messages (System_Messages)
============================================================
May 22 00:28:26 iZ2vc3ieqpo1k12ti7kii5Z systemd: Started Session 122167 of user root.
May 22 00:28:28 iZ2vc3ieqpo1k12ti7kii5Z systemd-logind: Removed session 122167.
May 22 00:28:43 iZ2vc3ieqpo1k12ti7kii5Z systemd: Started Session 122168 of user root.
May 22 00:28:43 iZ2vc3ieqpo1k12ti7kii5Z systemd-logind: New session 122168 of user root.
May 22 00:28:46 iZ2vc3ieqpo1k12ti7kii5Z systemd-logind: Removed session 122168.
May 22 00:29:02 iZ2vc3ieqpo1k12ti7kii5Z systemd-logind: New session 122169 of user root.
May 22 00:29:02 iZ2vc3ieqpo1k12ti7kii5Z systemd: Started Session 122169 of user root.
May 22 00:29:05 iZ2vc3ieqpo1k12ti7kii5Z systemd-logind: Removed session 122169.
May 22 00:29:21 iZ2vc3ieqpo1k12ti7kii5Z systemd: Started Session 122170 of user root.
May 22 00:29:21 iZ2vc3ieqpo1k12ti7kii5Z systemd-logind: New session 122170 of user root.
May 22 00:29:24 iZ2vc3ieqpo1k12ti7kii5Z systemd-logind: Removed session 122170.
May 22 00:30:01 iZ2vc3ieqpo1k12ti7kii5Z systemd: Started Session 122171 of user root.
May 22 00:35:28 iZ2vc3ieqpo1k12ti7kii5Z systemd-logind: New session 122172 of user root.
May 22 00:35:28 iZ2vc3ieqpo1k12ti7kii5Z systemd: Started Session 122172 of user root.
May 22 00:40:01 iZ2vc3ieqpo1k12ti7kii5Z systemd: Started Session 122173 of user root.
May 22 00:40:32 iZ2vc3ieqpo1k12ti7kii5Z systemd-logind: Removed session 122172.
May 22 00:40:32 iZ2vc3ieqpo1k12ti7kii5Z systemd-logind: Removed session 122160.
May 22 00:42:51 iZ2vc3ieqpo1k12ti7kii5Z systemd: Started Session 122174 of user root.
May 22 00:42:51 iZ2vc3ieqpo1k12ti7kii5Z systemd-logind: New session 122174 of user root.
May 22 00:42:53 iZ2vc3ieqpo1k12ti7kii5Z systemd-logind: Removed session 122174.
May 22 00:43:06 iZ2vc3ieqpo1k12ti7kii5Z systemd: Started Session 122175 of user root.
May 22 00:43:06 iZ2vc3ieqpo1k12ti7kii5Z systemd-logind: New session 122175 of user root.
May 22 00:43:08 iZ2vc3ieqpo1k12ti7kii5Z systemd-logind: Removed session 122175.
May 22 00:43:30 iZ2vc3ieqpo1k12ti7kii5Z systemd: Started Session 122176 of user root.
May 22 00:43:30 iZ2vc3ieqpo1k12ti7kii5Z systemd-logind: New session 122176 of user root.
May 22 00:43:32 iZ2vc3ieqpo1k12ti7kii5Z systemd-logind: Removed session 122176.
May 22 00:43:48 iZ2vc3ieqpo1k12ti7kii5Z systemd: Started Session 122177 of user root.
May 22 00:43:48 iZ2vc3ieqpo1k12ti7kii5Z systemd-logind: New session 122177 of user root.
May 22 00:43:54 iZ2vc3ieqpo1k12ti7kii5Z systemd-logind: Removed session 122177.
May 22 00:44:06 iZ2vc3ieqpo1k12ti7kii5Z systemd: Started Session 122178 of user root.
May 22 00:44:06 iZ2vc3ieqpo1k12ti7kii5Z systemd-logind: New session 122178 of user root.
May 22 00:44:51 iZ2vc3ieqpo1k12ti7kii5Z systemd: Started Session 122179 of user root.
May 22 00:44:51 iZ2vc3ieqpo1k12ti7kii5Z systemd-logind: New session 122179 of user root.
May 22 00:44:53 iZ2vc3ieqpo1k12ti7kii5Z systemd-logind: Removed session 122178.
May 22 00:50:01 iZ2vc3ieqpo1k12ti7kii5Z systemd: Started Session 122180 of user root.
May 22 01:00:01 iZ2vc3ieqpo1k12ti7kii5Z systemd: Started Session 122181 of user root.
May 22 01:01:01 iZ2vc3ieqpo1k12ti7kii5Z systemd: Started Session 122182 of user root.
May 22 01:01:28 iZ2vc3ieqpo1k12ti7kii5Z systemd: Started Session 122183 of user root.
May 22 01:01:28 iZ2vc3ieqpo1k12ti7kii5Z systemd-logind: New session 122183 of user root.
May 22 01:01:30 iZ2vc3ieqpo1k12ti7kii5Z systemd-logind: Removed session 122183.
May 22 01:04:48 iZ2vc3ieqpo1k12ti7kii5Z systemd: Started Session 122184 of user root.
May 22 01:04:48 iZ2vc3ieqpo1k12ti7kii5Z systemd-logind: New session 122184 of user root.
May 22 01:05:46 iZ2vc3ieqpo1k12ti7kii5Z systemd-logind: Removed session 122184.
May 22 01:10:01 iZ2vc3ieqpo1k12ti7kii5Z systemd: Started Session 122185 of user root.
May 22 01:20:01 iZ2vc3ieqpo1k12ti7kii5Z systemd: Started Session 122186 of user root.
May 22 01:29:57 iZ2vc3ieqpo1k12ti7kii5Z systemd-logind: New session 122187 of user root.
May 22 01:29:57 iZ2vc3ieqpo1k12ti7kii5Z systemd: Started Session 122187 of user root.
May 22 01:30:01 iZ2vc3ieqpo1k12ti7kii5Z systemd: Started Session 122188 of user root.
May 22 01:30:56 iZ2vc3ieqpo1k12ti7kii5Z systemd-logind: Removed session 122187.
May 22 01:30:56 iZ2vc3ieqpo1k12ti7kii5Z systemd-logind: Removed session 122179.
May 22 01:40:01 iZ2vc3ieqpo1k12ti7kii5Z systemd: Started Session 122189 of user root.
May 22 01:50:01 iZ2vc3ieqpo1k12ti7kii5Z systemd: Started Session 122190 of user root.
May 22 01:51:48 iZ2vc3ieqpo1k12ti7kii5Z systemd: Starting Cleanup of Temporary Directories...
May 22 01:51:48 iZ2vc3ieqpo1k12ti7kii5Z systemd: Started Cleanup of Temporary Directories.
May 22 02:00:01 iZ2vc3ieqpo1k12ti7kii5Z systemd: Started Session 122191 of user root.
May 22 02:01:01 iZ2vc3ieqpo1k12ti7kii5Z systemd: Started Session 122192 of user root.
May 22 02:10:01 iZ2vc3ieqpo1k12ti7kii5Z systemd: Started Session 122193 of user root.
May 22 02:20:01 iZ2vc3ieqpo1k12ti7kii5Z systemd: Started Session 122194 of user root.
May 22 02:30:01 iZ2vc3ieqpo1k12ti7kii5Z systemd: Started Session 122195 of user root.
May 22 02:40:01 iZ2vc3ieqpo1k12ti7kii5Z systemd: Started Session 122196 of user root.
May 22 02:50:01 iZ2vc3ieqpo1k12ti7kii5Z systemd: Started Session 122197 of user root.
May 22 03:00:01 iZ2vc3ieqpo1k12ti7kii5Z systemd: Started Session 122198 of user root.
May 22 03:01:01 iZ2vc3ieqpo1k12ti7kii5Z systemd: Started Session 122199 of user root.
May 22 03:10:01 iZ2vc3ieqpo1k12ti7kii5Z systemd: Started Session 122200 of user root.
May 22 03:20:01 iZ2vc3ieqpo1k12ti7kii5Z systemd: Started Session 122201 of user root.
May 22 03:30:01 iZ2vc3ieqpo1k12ti7kii5Z systemd: Started Session 122202 of user root.
May 22 03:40:01 iZ2vc3ieqpo1k12ti7kii5Z systemd: Started Session 122203 of user root.
May 22 03:50:01 iZ2vc3ieqpo1k12ti7kii5Z systemd: Started Session 122204 of user root.
May 22 04:00:01 iZ2vc3ieqpo1k12ti7kii5Z systemd: Started Session 122205 of user root.
May 22 04:01:01 iZ2vc3ieqpo1k12ti7kii5Z systemd: Started Session 122206 of user root.
May 22 04:10:01 iZ2vc3ieqpo1k12ti7kii5Z systemd: Started Session 122207 of user root.
May 22 04:20:01 iZ2vc3ieqpo1k12ti7kii5Z systemd: Started Session 122208 of user root.
May 22 04:30:01 iZ2vc3ieqpo1k12ti7kii5Z systemd: Started Session 122209 of user root.
May 22 04:40:01 iZ2vc3ieqpo1k12ti7kii5Z systemd: Started Session 122210 of user root.
May 22 04:50:01 iZ2vc3ieqpo1k12ti7kii5Z systemd: Started Session 122211 of user root.
May 22 05:00:01 iZ2vc3ieqpo1k12ti7kii5Z systemd: Started Session 122212 of user root.
May 22 05:01:01 iZ2vc3ieqpo1k12ti7kii5Z systemd: Started Session 122213 of user root.
May 22 05:10:01 iZ2vc3ieqpo1k12ti7kii5Z systemd: Started Session 122214 of user root.
May 22 05:20:01 iZ2vc3ieqpo1k12ti7kii5Z systemd: Started Session 122215 of user root.
May 22 05:30:01 iZ2vc3ieqpo1k12ti7kii5Z systemd: Started Session 122216 of user root.
May 22 05:40:01 iZ2vc3ieqpo1k12ti7kii5Z systemd: Started Session 122217 of user root.
May 22 05:50:01 iZ2vc3ieqpo1k12ti7kii5Z systemd: Started Session 122218 of user root.
May 22 06:00:01 iZ2vc3ieqpo1k12ti7kii5Z systemd: Started Session 122219 of user root.
May 22 06:01:01 iZ2vc3ieqpo1k12ti7kii5Z systemd: Started Session 122220 of user root.
May 22 06:10:01 iZ2vc3ieqpo1k12ti7kii5Z systemd: Started Session 122221 of user root.
May 22 06:20:01 iZ2vc3ieqpo1k12ti7kii5Z systemd: Started Session 122222 of user root.
May 22 06:30:01 iZ2vc3ieqpo1k12ti7kii5Z systemd: Started Session 122223 of user root.
May 22 06:40:01 iZ2vc3ieqpo1k12ti7kii5Z systemd: Started Session 122224 of user root.
May 22 06:50:01 iZ2vc3ieqpo1k12ti7kii5Z systemd: Started Session 122225 of user root.
May 22 07:00:01 iZ2vc3ieqpo1k12ti7kii5Z systemd: Started Session 122226 of user root.
May 22 07:01:01 iZ2vc3ieqpo1k12ti7kii5Z systemd: Started Session 122227 of user root.
May 22 07:10:01 iZ2vc3ieqpo1k12ti7kii5Z systemd: Started Session 122228 of user root.
May 22 07:13:17 iZ2vc3ieqpo1k12ti7kii5Z systemd: Started Session 122229 of user root.
May 22 07:13:17 iZ2vc3ieqpo1k12ti7kii5Z systemd-logind: New session 122229 of user root.
May 22 07:13:23 iZ2vc3ieqpo1k12ti7kii5Z systemd-logind: Removed session 122229.
May 22 07:13:38 iZ2vc3ieqpo1k12ti7kii5Z systemd-logind: New session 122230 of user root.
May 22 07:13:38 iZ2vc3ieqpo1k12ti7kii5Z systemd: Started Session 122230 of user root.
May 22 07:13:44 iZ2vc3ieqpo1k12ti7kii5Z systemd-logind: Removed session 122230.
May 22 07:14:06 iZ2vc3ieqpo1k12ti7kii5Z systemd: Started Session 122231 of user root.
May 22 07:14:06 iZ2vc3ieqpo1k12ti7kii5Z systemd-logind: New session 122231 of user root.



============================================================
Executing: journalctl -n 100 --no-pager (Journal_Logs)
============================================================
-- Logs begin at Tue 2021-11-30 15:22:28 CST, end at Fri 2026-05-22 07:14:06 CST. --
May 22 06:39:49 iZ2vc3ieqpo1k12ti7kii5Z postfix/master[1043]: warning: process /usr/libexec/postfix/pickup pid 26490 exit status 127
May 22 06:39:49 iZ2vc3ieqpo1k12ti7kii5Z postfix/master[1043]: warning: /usr/libexec/postfix/pickup: bad command startup -- throttling
May 22 06:40:01 iZ2vc3ieqpo1k12ti7kii5Z systemd[1]: Started Session 122224 of user root.
May 22 06:40:01 iZ2vc3ieqpo1k12ti7kii5Z CROND[26502]: (root) CMD (/usr/lib64/sa/sa1 1 1)
May 22 06:40:49 iZ2vc3ieqpo1k12ti7kii5Z postfix/master[1043]: warning: process /usr/libexec/postfix/pickup pid 26544 exit status 127
May 22 06:40:49 iZ2vc3ieqpo1k12ti7kii5Z postfix/master[1043]: warning: /usr/libexec/postfix/pickup: bad command startup -- throttling
May 22 06:41:49 iZ2vc3ieqpo1k12ti7kii5Z postfix/master[1043]: warning: process /usr/libexec/postfix/pickup pid 26593 exit status 127
May 22 06:41:49 iZ2vc3ieqpo1k12ti7kii5Z postfix/master[1043]: warning: /usr/libexec/postfix/pickup: bad command startup -- throttling
May 22 06:42:49 iZ2vc3ieqpo1k12ti7kii5Z postfix/master[1043]: warning: process /usr/libexec/postfix/pickup pid 26644 exit status 127
May 22 06:42:49 iZ2vc3ieqpo1k12ti7kii5Z postfix/master[1043]: warning: /usr/libexec/postfix/pickup: bad command startup -- throttling
May 22 06:43:49 iZ2vc3ieqpo1k12ti7kii5Z postfix/master[1043]: warning: process /usr/libexec/postfix/pickup pid 26693 exit status 127
May 22 06:43:49 iZ2vc3ieqpo1k12ti7kii5Z postfix/master[1043]: warning: /usr/libexec/postfix/pickup: bad command startup -- throttling
May 22 06:44:49 iZ2vc3ieqpo1k12ti7kii5Z postfix/master[1043]: warning: process /usr/libexec/postfix/pickup pid 26743 exit status 127
May 22 06:44:49 iZ2vc3ieqpo1k12ti7kii5Z postfix/master[1043]: warning: /usr/libexec/postfix/pickup: bad command startup -- throttling
May 22 06:45:49 iZ2vc3ieqpo1k12ti7kii5Z postfix/master[1043]: warning: process /usr/libexec/postfix/pickup pid 26792 exit status 127
May 22 06:45:49 iZ2vc3ieqpo1k12ti7kii5Z postfix/master[1043]: warning: /usr/libexec/postfix/pickup: bad command startup -- throttling
May 22 06:46:49 iZ2vc3ieqpo1k12ti7kii5Z postfix/master[1043]: warning: process /usr/libexec/postfix/pickup pid 26841 exit status 127
May 22 06:46:49 iZ2vc3ieqpo1k12ti7kii5Z postfix/master[1043]: warning: /usr/libexec/postfix/pickup: bad command startup -- throttling
May 22 06:47:49 iZ2vc3ieqpo1k12ti7kii5Z postfix/master[1043]: warning: process /usr/libexec/postfix/pickup pid 26890 exit status 127
May 22 06:47:49 iZ2vc3ieqpo1k12ti7kii5Z postfix/master[1043]: warning: /usr/libexec/postfix/pickup: bad command startup -- throttling
May 22 06:48:49 iZ2vc3ieqpo1k12ti7kii5Z postfix/master[1043]: warning: process /usr/libexec/postfix/pickup pid 26940 exit status 127
May 22 06:48:49 iZ2vc3ieqpo1k12ti7kii5Z postfix/master[1043]: warning: /usr/libexec/postfix/pickup: bad command startup -- throttling
May 22 06:49:49 iZ2vc3ieqpo1k12ti7kii5Z postfix/master[1043]: warning: process /usr/libexec/postfix/pickup pid 26989 exit status 127
May 22 06:49:49 iZ2vc3ieqpo1k12ti7kii5Z postfix/master[1043]: warning: /usr/libexec/postfix/pickup: bad command startup -- throttling
May 22 06:50:01 iZ2vc3ieqpo1k12ti7kii5Z systemd[1]: Started Session 122225 of user root.
May 22 06:50:01 iZ2vc3ieqpo1k12ti7kii5Z CROND[27000]: (root) CMD (/usr/lib64/sa/sa1 1 1)
May 22 06:50:49 iZ2vc3ieqpo1k12ti7kii5Z postfix/master[1043]: warning: process /usr/libexec/postfix/pickup pid 27045 exit status 127
May 22 06:50:49 iZ2vc3ieqpo1k12ti7kii5Z postfix/master[1043]: warning: /usr/libexec/postfix/pickup: bad command startup -- throttling
May 22 06:51:49 iZ2vc3ieqpo1k12ti7kii5Z postfix/master[1043]: warning: process /usr/libexec/postfix/pickup pid 27094 exit status 127
May 22 06:51:49 iZ2vc3ieqpo1k12ti7kii5Z postfix/master[1043]: warning: /usr/libexec/postfix/pickup: bad command startup -- throttling
May 22 06:52:49 iZ2vc3ieqpo1k12ti7kii5Z postfix/master[1043]: warning: process /usr/libexec/postfix/pickup pid 27143 exit status 127
May 22 06:52:49 iZ2vc3ieqpo1k12ti7kii5Z postfix/master[1043]: warning: /usr/libexec/postfix/pickup: bad command startup -- throttling
May 22 06:53:49 iZ2vc3ieqpo1k12ti7kii5Z postfix/master[1043]: warning: process /usr/libexec/postfix/pickup pid 27192 exit status 127
May 22 06:53:49 iZ2vc3ieqpo1k12ti7kii5Z postfix/master[1043]: warning: /usr/libexec/postfix/pickup: bad command startup -- throttling
May 22 06:54:49 iZ2vc3ieqpo1k12ti7kii5Z postfix/master[1043]: warning: process /usr/libexec/postfix/pickup pid 27241 exit status 127
May 22 06:54:49 iZ2vc3ieqpo1k12ti7kii5Z postfix/master[1043]: warning: /usr/libexec/postfix/pickup: bad command startup -- throttling
May 22 06:55:50 iZ2vc3ieqpo1k12ti7kii5Z postfix/master[1043]: warning: process /usr/libexec/postfix/pickup pid 27290 exit status 127
May 22 06:55:50 iZ2vc3ieqpo1k12ti7kii5Z postfix/master[1043]: warning: /usr/libexec/postfix/pickup: bad command startup -- throttling
May 22 06:56:50 iZ2vc3ieqpo1k12ti7kii5Z postfix/master[1043]: warning: process /usr/libexec/postfix/pickup pid 27339 exit status 127
May 22 06:56:50 iZ2vc3ieqpo1k12ti7kii5Z postfix/master[1043]: warning: /usr/libexec/postfix/pickup: bad command startup -- throttling
May 22 06:57:50 iZ2vc3ieqpo1k12ti7kii5Z postfix/master[1043]: warning: process /usr/libexec/postfix/pickup pid 27388 exit status 127
May 22 06:57:50 iZ2vc3ieqpo1k12ti7kii5Z postfix/master[1043]: warning: /usr/libexec/postfix/pickup: bad command startup -- throttling
May 22 06:58:50 iZ2vc3ieqpo1k12ti7kii5Z postfix/master[1043]: warning: process /usr/libexec/postfix/pickup pid 27437 exit status 127
May 22 06:58:50 iZ2vc3ieqpo1k12ti7kii5Z postfix/master[1043]: warning: /usr/libexec/postfix/pickup: bad command startup -- throttling
May 22 06:59:50 iZ2vc3ieqpo1k12ti7kii5Z postfix/master[1043]: warning: process /usr/libexec/postfix/pickup pid 27486 exit status 127
May 22 06:59:50 iZ2vc3ieqpo1k12ti7kii5Z postfix/master[1043]: warning: /usr/libexec/postfix/pickup: bad command startup -- throttling
May 22 07:00:01 iZ2vc3ieqpo1k12ti7kii5Z systemd[1]: Started Session 122226 of user root.
May 22 07:00:01 iZ2vc3ieqpo1k12ti7kii5Z CROND[27497]: (root) CMD (/usr/lib64/sa/sa1 1 1)
May 22 07:00:50 iZ2vc3ieqpo1k12ti7kii5Z postfix/master[1043]: warning: process /usr/libexec/postfix/pickup pid 27540 exit status 127
May 22 07:00:50 iZ2vc3ieqpo1k12ti7kii5Z postfix/master[1043]: warning: /usr/libexec/postfix/pickup: bad command startup -- throttling
May 22 07:01:01 iZ2vc3ieqpo1k12ti7kii5Z systemd[1]: Started Session 122227 of user root.
May 22 07:01:01 iZ2vc3ieqpo1k12ti7kii5Z CROND[27551]: (root) CMD (run-parts /etc/cron.hourly)
May 22 07:01:01 iZ2vc3ieqpo1k12ti7kii5Z run-parts(/etc/cron.hourly)[27554]: starting 0anacron
May 22 07:01:01 iZ2vc3ieqpo1k12ti7kii5Z run-parts(/etc/cron.hourly)[27560]: finished 0anacron
May 22 07:01:50 iZ2vc3ieqpo1k12ti7kii5Z postfix/master[1043]: warning: process /usr/libexec/postfix/pickup pid 27601 exit status 127
May 22 07:01:50 iZ2vc3ieqpo1k12ti7kii5Z postfix/master[1043]: warning: /usr/libexec/postfix/pickup: bad command startup -- throttling
May 22 07:02:50 iZ2vc3ieqpo1k12ti7kii5Z postfix/master[1043]: warning: process /usr/libexec/postfix/pickup pid 27650 exit status 127
May 22 07:02:50 iZ2vc3ieqpo1k12ti7kii5Z postfix/master[1043]: warning: /usr/libexec/postfix/pickup: bad command startup -- throttling
May 22 07:03:50 iZ2vc3ieqpo1k12ti7kii5Z postfix/master[1043]: warning: process /usr/libexec/postfix/pickup pid 27700 exit status 127
May 22 07:03:50 iZ2vc3ieqpo1k12ti7kii5Z postfix/master[1043]: warning: /usr/libexec/postfix/pickup: bad command startup -- throttling
May 22 07:04:50 iZ2vc3ieqpo1k12ti7kii5Z postfix/master[1043]: warning: process /usr/libexec/postfix/pickup pid 27749 exit status 127
May 22 07:04:50 iZ2vc3ieqpo1k12ti7kii5Z postfix/master[1043]: warning: /usr/libexec/postfix/pickup: bad command startup -- throttling
May 22 07:05:50 iZ2vc3ieqpo1k12ti7kii5Z postfix/master[1043]: warning: process /usr/libexec/postfix/pickup pid 27798 exit status 127
May 22 07:05:50 iZ2vc3ieqpo1k12ti7kii5Z postfix/master[1043]: warning: /usr/libexec/postfix/pickup: bad command startup -- throttling
May 22 07:06:50 iZ2vc3ieqpo1k12ti7kii5Z postfix/master[1043]: warning: process /usr/libexec/postfix/pickup pid 27847 exit status 127
May 22 07:06:50 iZ2vc3ieqpo1k12ti7kii5Z postfix/master[1043]: warning: /usr/libexec/postfix/pickup: bad command startup -- throttling
May 22 07:07:50 iZ2vc3ieqpo1k12ti7kii5Z postfix/master[1043]: warning: process /usr/libexec/postfix/pickup pid 27896 exit status 127
May 22 07:07:50 iZ2vc3ieqpo1k12ti7kii5Z postfix/master[1043]: warning: /usr/libexec/postfix/pickup: bad command startup -- throttling
May 22 07:08:50 iZ2vc3ieqpo1k12ti7kii5Z postfix/master[1043]: warning: process /usr/libexec/postfix/pickup pid 27945 exit status 127
May 22 07:08:50 iZ2vc3ieqpo1k12ti7kii5Z postfix/master[1043]: warning: /usr/libexec/postfix/pickup: bad command startup -- throttling
May 22 07:09:50 iZ2vc3ieqpo1k12ti7kii5Z postfix/master[1043]: warning: process /usr/libexec/postfix/pickup pid 27994 exit status 127
May 22 07:09:50 iZ2vc3ieqpo1k12ti7kii5Z postfix/master[1043]: warning: /usr/libexec/postfix/pickup: bad command startup -- throttling
May 22 07:10:01 iZ2vc3ieqpo1k12ti7kii5Z systemd[1]: Started Session 122228 of user root.
May 22 07:10:01 iZ2vc3ieqpo1k12ti7kii5Z CROND[28005]: (root) CMD (/usr/lib64/sa/sa1 1 1)
May 22 07:10:50 iZ2vc3ieqpo1k12ti7kii5Z postfix/master[1043]: warning: process /usr/libexec/postfix/pickup pid 28048 exit status 127
May 22 07:10:50 iZ2vc3ieqpo1k12ti7kii5Z postfix/master[1043]: warning: /usr/libexec/postfix/pickup: bad command startup -- throttling
May 22 07:11:50 iZ2vc3ieqpo1k12ti7kii5Z postfix/master[1043]: warning: process /usr/libexec/postfix/pickup pid 28097 exit status 127
May 22 07:11:50 iZ2vc3ieqpo1k12ti7kii5Z postfix/master[1043]: warning: /usr/libexec/postfix/pickup: bad command startup -- throttling
May 22 07:12:51 iZ2vc3ieqpo1k12ti7kii5Z postfix/master[1043]: warning: process /usr/libexec/postfix/pickup pid 28148 exit status 127
May 22 07:12:51 iZ2vc3ieqpo1k12ti7kii5Z postfix/master[1043]: warning: /usr/libexec/postfix/pickup: bad command startup -- throttling
May 22 07:13:01 iZ2vc3ieqpo1k12ti7kii5Z sshd[28140]: Connection closed by 103.151.173.209 port 34808 [preauth]
May 22 07:13:17 iZ2vc3ieqpo1k12ti7kii5Z sshd[28170]: Accepted password for root from 103.151.173.209 port 34888 ssh2
May 22 07:13:17 iZ2vc3ieqpo1k12ti7kii5Z systemd[1]: Started Session 122229 of user root.
May 22 07:13:17 iZ2vc3ieqpo1k12ti7kii5Z systemd-logind[535]: New session 122229 of user root.
May 22 07:13:17 iZ2vc3ieqpo1k12ti7kii5Z sshd[28170]: pam_unix(sshd:session): session opened for user root by (uid=0)
May 22 07:13:23 iZ2vc3ieqpo1k12ti7kii5Z sshd[28170]: pam_unix(sshd:session): session closed for user root
May 22 07:13:23 iZ2vc3ieqpo1k12ti7kii5Z systemd-logind[535]: Removed session 122229.
May 22 07:13:24 iZ2vc3ieqpo1k12ti7kii5Z sshd[28261]: Connection reset by 123.207.28.28 port 46884 [preauth]
May 22 07:13:38 iZ2vc3ieqpo1k12ti7kii5Z sshd[28277]: Accepted password for root from 103.151.173.209 port 32797 ssh2
May 22 07:13:38 iZ2vc3ieqpo1k12ti7kii5Z systemd-logind[535]: New session 122230 of user root.
May 22 07:13:38 iZ2vc3ieqpo1k12ti7kii5Z systemd[1]: Started Session 122230 of user root.
May 22 07:13:38 iZ2vc3ieqpo1k12ti7kii5Z sshd[28277]: pam_unix(sshd:session): session opened for user root by (uid=0)
May 22 07:13:44 iZ2vc3ieqpo1k12ti7kii5Z sshd[28277]: pam_unix(sshd:session): session closed for user root
May 22 07:13:44 iZ2vc3ieqpo1k12ti7kii5Z systemd-logind[535]: Removed session 122230.
May 22 07:13:51 iZ2vc3ieqpo1k12ti7kii5Z postfix/master[1043]: warning: process /usr/libexec/postfix/pickup pid 28401 exit status 127
May 22 07:13:51 iZ2vc3ieqpo1k12ti7kii5Z postfix/master[1043]: warning: /usr/libexec/postfix/pickup: bad command startup -- throttling
May 22 07:14:06 iZ2vc3ieqpo1k12ti7kii5Z sshd[28414]: Accepted password for root from 103.151.173.209 port 29406 ssh2
May 22 07:14:06 iZ2vc3ieqpo1k12ti7kii5Z systemd[1]: Started Session 122231 of user root.
May 22 07:14:06 iZ2vc3ieqpo1k12ti7kii5Z systemd-logind[535]: New session 122231 of user root.
May 22 07:14:06 iZ2vc3ieqpo1k12ti7kii5Z sshd[28414]: pam_unix(sshd:session): session opened for user root by (uid=0)

